"../../../Engine/Content/Functions/Engine_MaterialFunctions01/Opacity/CameraDepthFade.uasset" 0
"../../../Engine/Content/EngineMaterials/T_Default_Material_Grid_M.uasset" 1
"../../../Engine/Content/EngineMaterials/T_Default_Material_Grid_N.uasset" 2
"../../../Engine/Content/EngineMaterials/WorldGridMaterial.uasset" 3
"../../../Engine/Content/ArtTools/RenderToTexture/Meshes/S_1_Unit_Plane.uasset" 4
"../../../Engine/Content/BasicShapes/BasicShapeMaterial.uasset" 5
"../../../Engine/Content/EngineMaterials/DefaultMaterial.uasset" 6
"../../../Engine/Content/BasicShapes/Cone.uasset" 7
"../../../Engine/Content/BasicShapes/Cube.uasset" 8
"../../../Engine/Content/BasicShapes/Plane.uasset" 9
"../../../Engine/Content/BasicShapes/Sphere.uasset" 10
"../../../Engine/Content/EngineMaterials/DefaultPhysicalMaterial.uasset" 11
"../../../Engine/Content/BufferVisualization/AmbientOcclusion.uasset" 12
"../../../Engine/Content/BufferVisualization/BaseColor.uasset" 13
"../../../Engine/Content/BufferVisualization/CustomDepth.uasset" 14
"../../../Engine/Content/Functions/Engine_MaterialFunctions02/Utility/VectorLength.uasset" 15
"../../../Engine/Content/BufferVisualization/CustomDepthWorldUnits.uasset" 16
"../../../Engine/Content/Functions/Engine_MaterialFunctions02/Utility/BreakOutFloat2Components.uasset" 17
"../../../Engine/Content/Functions/Engine_MaterialFunctions01/Texturing/ScaleUVsByCenter.uasset" 18
"../../../Engine/Content/Functions/Engine_MaterialFunctions02/ScreenResolution.uasset" 19
"../../../Engine/Content/Functions/Engine_MaterialFunctions02/Texturing/ScreenAlignedUVs.uasset" 20
"../../../Engine/Content/Functions/Engine_MaterialFunctions02/Utility/MakeFloat2.uasset" 21
"../../../Engine/Content/Functions/Engine_MaterialFunctions02/Utility/MakeFloat3.uasset" 22
"../../../Engine/Content/EngineMaterials/MiniFont.uasset" 23
"../../../Engine/Content/BufferVisualization/CustomStencil.uasset" 24
"../../../Engine/Content/BufferVisualization/FinalImage.uasset" 25
"../../../Engine/Content/BufferVisualization/LightingModel.uasset" 26
"../../../Engine/Content/BufferVisualization/MaterialAO.uasset" 27
"../../../Engine/Content/BufferVisualization/Metallic.uasset" 28
"../../../Engine/Content/BufferVisualization/Opacity.uasset" 29
"../../../Engine/Content/BufferVisualization/PostTonemapHDRColor.uasset" 30
"../../../Engine/Content/BufferVisualization/PreTonemapHDRColor.uasset" 31
"../../../Engine/Content/BufferVisualization/Roughness.uasset" 32
"../../../Engine/Content/BufferVisualization/SceneColor.uasset" 33
"../../../Engine/Content/BufferVisualization/SceneDepth.uasset" 34
"../../../Engine/Content/BufferVisualization/SceneDepthWorldUnits.uasset" 35
"../../../Engine/Content/BufferVisualization/SeparateTranslucencyA.uasset" 36
"../../../Engine/Content/BufferVisualization/SeparateTranslucencyRGB.uasset" 37
"../../../Engine/Content/BufferVisualization/Specular.uasset" 38
"../../../Engine/Content/BufferVisualization/SubsurfaceColor.uasset" 39
"../../../Engine/Content/BufferVisualization/WorldNormal.uasset" 40
"../../../Engine/Content/EditorLandscapeResources/DataLayer.uasset" 41
"../../../Engine/Content/EditorLandscapeResources/DefaultAlphaTexture.uasset" 42
"../../../Engine/Content/EditorLandscapeResources/LandscapeGizmoHeight_Mat.uasset" 43
"../../../Engine/Content/EditorLandscapeResources/LandscapeGizmo_Mat.uasset" 44
"../../../Engine/Content/EditorLandscapeResources/LandscapeGizmo_Mat_Copied.uasset" 45
"../../../Engine/Content/EditorLandscapeResources/SplineEditorMeshMat.uasset" 46
"../../../Engine/Content/EditorLandscapeResources/SplineEditorMesh.uasset" 47
"../../../Engine/Content/EditorMaterials/Cross.uasset" 48
"../../../Engine/Content/EditorMaterials/Cross_Mat.uasset" 49
"../../../Engine/Content/EditorMaterials/GizmoMaterial.uasset" 50
"../../../Engine/Content/Functions/Engine_MaterialFunctions02/ExampleContent/Textures/flipbook.uasset" 51
"../../../Engine/Content/Functions/Engine_MaterialFunctions02/Texturing/FlipBook.uasset" 52
"../../../Engine/Content/Functions/Engine_MaterialFunctions02/Utility/Sign.uasset" 53
"../../../Engine/Content/Functions/Engine_MaterialFunctions02/Utility/Round.uasset" 54
"../../../Engine/Content/EditorResources/T_EditorHelp.uasset" 55
"../../../Engine/Content/EditorMaterials/HelpActorMaterial.uasset" 56
"../../../Engine/Content/EditorMaterials/CompositeARGBLayer.uasset" 57
"../../../Engine/Content/EditorMaterials/TilingAALineIntegral.uasset" 58
"../../../Engine/Content/EditorMaterials/TilingAALineBoxFiltered.uasset" 59
"../../../Engine/Content/Functions/Engine_MaterialFunctions03/Procedurals/ComputeFilterWidth.uasset" 60
"../../../Engine/Content/EditorMaterials/TilingAADots.uasset" 61
"../../../Engine/Content/EngineMaterials/BlendFunc_DefBase.uasset" 62
"../../../Engine/Content/EngineMaterials/BlendFunc_DefBlend.uasset" 63
"../../../Engine/Content/Functions/Engine_MaterialFunctions03/Blends/Blend_Screen.uasset" 64
"../../../Engine/Content/EditorMaterials/TilingAAGrid.uasset" 65
"../../../Engine/Content/EditorMaterials/LevelGridMaterial.uasset" 66
"../../../Engine/Content/EditorMaterials/MakeCompositeARGBLayer.uasset" 67
"../../../Engine/Content/EditorResources/LevelGrid1DStripes.uasset" 68
"../../../Engine/Content/EditorMaterials/TextureGridCascaded1D.uasset" 69
"../../../Engine/Content/EditorMaterials/TextureGridCascaded2D.uasset" 70
"../../../Engine/Content/EditorMaterials/LevelGridMaterial2.uasset" 71
"../../../Engine/Content/EditorMaterials/MAT_Groups_Toggle.uasset" 72
"../../../Engine/Content/EditorMaterials/MAT_Groups_Visibility.uasset" 73
"../../../Engine/Content/EditorMaterials/PhAT_BoneSelectedMaterial.uasset" 74
"../../../Engine/Content/EditorMaterials/PhAT_ElemSelectedMaterial.uasset" 75
"../../../Engine/Content/EditorMaterials/PhAT_NoCollisionMaterial.uasset" 76
"../../../Engine/Content/EditorMaterials/PhAT_UnselectedMaterial.uasset" 77
"../../../Engine/Content/EditorMaterials/PreviewShadowIndicator.uasset" 78
"../../../Engine/Content/EditorMaterials/PreviewShadowIndicatorMaterial.uasset" 79
"../../../Engine/Content/EditorMaterials/TargetIcon.uasset" 80
"../../../Engine/Content/EditorMaterials/Tick.uasset" 81
"../../../Engine/Content/EditorMaterials/Tick_Mat.uasset" 82
"../../../Engine/Content/EditorMaterials/WidgetGridVertexColorMaterial.uasset" 83
"../../../Engine/Content/EditorMaterials/WidgetGridVertexColorMaterial_Ma.uasset" 84
"../../../Engine/Content/EditorMaterials/WidgetMaterial.uasset" 85
"../../../Engine/Content/EditorMaterials/WidgetMaterial_Current.uasset" 86
"../../../Engine/Content/EditorMaterials/WidgetMaterial_X.uasset" 87
"../../../Engine/Content/EditorMaterials/WidgetMaterial_Y.uasset" 88
"../../../Engine/Content/EditorMaterials/WidgetMaterial_Z.uasset" 89
"../../../Engine/Content/EditorMaterials/WidgetVertexColorMaterial.uasset" 90
"../../../Engine/Content/EditorMaterials/AssetViewer/EpicQuadPanorama_CC+EV1.uasset" 91
"../../../Engine/Content/MapTemplates/Sky/SunsetAmbientCubemap.uasset" 92
"../../../Engine/Content/EditorMaterials/AssetViewer/M_SkyBox.uasset" 93
"../../../Engine/Content/EditorMaterials/MatineeGroups/MAT_ColorTrack.uasset" 94
"../../../Engine/Content/EditorMaterials/MatineeGroups/MAT_Groups_Anim.uasset" 95
"../../../Engine/Content/EditorMaterials/MatineeGroups/MAT_Groups_AudioMaster.uasset" 96
"../../../Engine/Content/EditorMaterials/MatineeGroups/MAT_Groups_Director.uasset" 97
"../../../Engine/Content/EditorMaterials/MatineeGroups/MAT_Groups_Event.uasset" 98
"../../../Engine/Content/EditorMaterials/MatineeGroups/MAT_Groups_Fade.uasset" 99
"../../../Engine/Content/EditorMaterials/MatineeGroups/MAT_Groups_Float.uasset" 100
"../../../Engine/Content/EditorMaterials/MatineeGroups/MAT_Groups_Move.uasset" 101
"../../../Engine/Content/EditorMaterials/MatineeGroups/MAT_Groups_Slomo.uasset" 102
"../../../Engine/Content/EditorMaterials/MatineeGroups/MAT_Groups_Sound.uasset" 103
"../../../Engine/Content/EditorMaterials/MatineeGroups/MAT_Groups_Vector.uasset" 104
"../../../Engine/Content/EditorMaterials/ParticleSystems/PSysThumbnail_NoImage.uasset" 105
"../../../Engine/Content/EditorMaterials/ParticleSystems/PSysThumbnail_OOD.uasset" 106
"../../../Engine/Content/EngineMaterials/Grid.uasset" 107
"../../../Engine/Content/EditorMaterials/Thumbnails/FloorPlaneMaterial.uasset" 108
"../../../Engine/Content/EditorMeshes/EditorCube.uasset" 109
"../../../Engine/Content/EditorMeshes/EditorCylinder.uasset" 110
"../../../Engine/Content/EditorMeshes/EditorPlane.uasset" 111
"../../../Engine/Content/EditorMaterials/Thumbnails/SkySphereMaterial.uasset" 112
"../../../Engine/Content/EditorMeshes/EditorSkySphere.uasset" 113
"../../../Engine/Content/EditorMeshes/EditorSphere.uasset" 114
"../../../Engine/Content/EditorResources/MatineeCam_D.uasset" 115
"../../../Engine/Content/EditorMaterials/MatineeCam_mat.uasset" 116
"../../../Engine/Content/EditorMeshes/MatineeCam_SM.uasset" 117
"../../../Engine/Content/Functions/Engine_MaterialFunctions01/Shading/ConvertFromDiffSpec.uasset" 118
"../../../Engine/Content/EditorMaterials/GridMaterial.uasset" 119
"../../../Engine/Content/EditorMeshes/AssetViewer/Floor_Mesh.uasset" 120
"../../../Engine/Content/EditorMeshes/AssetViewer/Sphere_inversenormals.uasset" 121
"../../../Engine/Content/EditorMaterials/Camera/CineMat.uasset" 122
"../../../Engine/Content/EditorMaterials/Camera/MI_CineMat_CameraBody.uasset" 123
"../../../Engine/Content/EngineDebugMaterials/M_SimpleOpaque.uasset" 124
"../../../Engine/Content/EditorMaterials/Camera/MI_CineMat_CamViewFinder.uasset" 125
"../../../Engine/Content/EditorMeshes/Camera/SM_CineCam.uasset" 126
"../../../Engine/Content/EditorMaterials/Camera/MI_CineMat_Rig.uasset" 127
"../../../Engine/Content/EditorMeshes/Camera/SM_CraneRig_Arm.uasset" 128
"../../../Engine/Content/EditorMeshes/Camera/SM_CraneRig_Base.uasset" 129
"../../../Engine/Content/EditorMeshes/Camera/SM_CraneRig_Body.uasset" 130
"../../../Engine/Content/EditorMeshes/Camera/SM_CraneRig_Mount.uasset" 131
"../../../Engine/Content/EditorMeshes/Camera/SM_RailRig_Mount.uasset" 132
"../../../Engine/Content/EditorMeshes/Camera/SM_RailRig_Track.uasset" 133
"../../../Engine/Content/EditorResources/Bad.uasset" 134
"../../../Engine/Content/EditorResources/BSPVertex.uasset" 135
"../../../Engine/Content/EditorResources/EmptyActor.uasset" 136
"../../../Engine/Content/EditorResources/MatInstActSprite.uasset" 137
"../../../Engine/Content/EditorResources/SceneManager.uasset" 138
"../../../Engine/Content/EditorResources/SmallFont.uasset" 139
"../../../Engine/Content/EditorResources/S_Actor.uasset" 140
"../../../Engine/Content/EditorResources/S_DecalActorIcon.uasset" 141
"../../../Engine/Content/EditorResources/S_Emitter.uasset" 142
"../../../Engine/Content/EditorResources/S_ExpoHeightFog.uasset" 143
"../../../Engine/Content/EditorResources/S_FTest.uasset" 144
"../../../Engine/Content/EditorResources/S_KBSJoint.uasset" 145
"../../../Engine/Content/EditorResources/S_KHinge.uasset" 146
"../../../Engine/Content/EditorResources/S_KPrismatic.uasset" 147
"../../../Engine/Content/EditorResources/S_LevelSequence.uasset" 148
"../../../Engine/Content/EditorResources/S_NavP.uasset" 149
"../../../Engine/Content/EditorResources/S_Note.uasset" 150
"../../../Engine/Content/EditorResources/S_Player.uasset" 151
"../../../Engine/Content/EditorResources/S_PortalActorIcon2.uasset" 152
"../../../Engine/Content/EditorResources/S_RadForce.uasset" 153
"../../../Engine/Content/EditorResources/S_ReflActorIcon.uasset" 154
"../../../Engine/Content/EditorResources/S_Terrain.uasset" 155
"../../../Engine/Content/EditorResources/S_TextRenderActorIcon.uasset" 156
"../../../Engine/Content/EditorResources/S_Thruster.uasset" 157
"../../../Engine/Content/EditorResources/S_Trigger.uasset" 158
"../../../Engine/Content/EditorResources/S_VectorFieldVol.uasset" 159
"../../../Engine/Content/EditorResources/S_WindDirectional.uasset" 160
"../../../Engine/Content/EditorResources/AI/S_NavLink.uasset" 161
"../../../Engine/Content/EditorResources/AudioIcons/S_AudioComponent_AutoActivate.uasset" 162
"../../../Engine/Content/EditorResources/LightIcons/SkyLight.uasset" 163
"../../../Engine/Content/EditorResources/LightIcons/S_LightDirectional.uasset" 164
"../../../Engine/Content/EditorResources/LightIcons/S_LightDirectionalMove.uasset" 165
"../../../Engine/Content/EditorResources/LightIcons/S_LightError.uasset" 166
"../../../Engine/Content/EditorResources/LightIcons/S_LightPoint.uasset" 167
"../../../Engine/Content/EditorResources/LightIcons/S_LightPointMove.uasset" 168
"../../../Engine/Content/EditorResources/LightIcons/S_LightSpot.uasset" 169
"../../../Engine/Content/EditorResources/LightIcons/S_LightSpotMove.uasset" 170
"../../../Engine/Content/EditorResources/SequenceRecorder/Countdown.uasset" 171
"../../../Engine/Content/EditorResources/SequenceRecorder/RecordingIndicator.uasset" 172
"../../../Engine/Content/EditorResources/Spline/T_Loft_Spline.uasset" 173
"../../../Engine/Content/EditorSounds/Notifications/CompileFailed.uasset" 174
"../../../Engine/Content/EditorSounds/Notifications/CompileFailed_Cue.uasset" 175
"../../../Engine/Content/EditorSounds/Notifications/CompileSuccess.uasset" 176
"../../../Engine/Content/EditorSounds/Notifications/CompileStart_Cue.uasset" 177
"../../../Engine/Content/EditorSounds/Notifications/CompileSuccess_Cue.uasset" 178
"../../../Engine/Content/EngineDamageTypes/DmgTypeBP_Environmental.uasset" 179
"../../../Engine/Content/EngineDebugMaterials/HeatmapGradient.uasset" 180
"../../../Engine/Content/EngineDebugMaterials/BoneWeightMaterial.uasset" 181
"../../../Engine/Content/EngineDebugMaterials/ClothMaterial.uasset" 182
"../../../Engine/Content/EngineDebugMaterials/ClothMaterial_WF.uasset" 183
"../../../Engine/Content/EngineDebugMaterials/DebugEditorMaterial.uasset" 184
"../../../Engine/Content/EngineDebugMaterials/DebugMeshMaterial.uasset" 185
"../../../Engine/Content/EngineDebugMaterials/GeomMaterial.uasset" 186
"../../../Engine/Content/EngineDebugMaterials/LevelColorationLitMaterial.uasset" 187
"../../../Engine/Content/EngineDebugMaterials/LevelColorationUnlitMaterial.uasset" 188
"../../../Engine/Content/EngineMaterials/DefaultWhiteGrid.uasset" 189
"../../../Engine/Content/EngineDebugMaterials/MAT_LevelColorationLitLightmapUV.uasset" 190
"../../../Engine/Content/EngineDebugMaterials/M_SimpleTranslucent.uasset" 191
"../../../Engine/Content/EngineDebugMaterials/ShadedLevelColorationLitMaterial.uasset" 192
"../../../Engine/Content/EngineDebugMaterials/ShadedLevelColorationUnlitMateri.uasset" 193
"../../../Engine/Content/EngineDebugMaterials/VertexColorMaterial.uasset" 194
"../../../Engine/Content/EngineDebugMaterials/VertexColorViewMode_AlphaAsColor.uasset" 195
"../../../Engine/Content/EngineDebugMaterials/VertexColorViewMode_BlueOnly.uasset" 196
"../../../Engine/Content/EngineDebugMaterials/VertexColorViewMode_ColorOnly.uasset" 197
"../../../Engine/Content/EngineDebugMaterials/VertexColorViewMode_GreenOnly.uasset" 198
"../../../Engine/Content/EngineDebugMaterials/VertexColorViewMode_RedOnly.uasset" 199
"../../../Engine/Content/EngineDebugMaterials/WireframeMaterial.uasset" 200
"../../../Engine/Content/EngineFonts/Faces/RobotoBold.uasset" 201
"../../../Engine/Content/EngineFonts/Faces/RobotoBoldItalic.uasset" 202
"../../../Engine/Content/EngineFonts/Faces/RobotoItalic.uasset" 203
"../../../Engine/Content/EngineFonts/Faces/RobotoLight.uasset" 204
"../../../Engine/Content/EngineFonts/Faces/RobotoRegular.uasset" 205
"../../../Engine/Content/EngineFonts/Roboto.uasset" 206
"../../../Engine/Content/EngineFonts/Faces/RobotoTiny.uasset" 207
"../../../Engine/Content/EngineFonts/RobotoTiny.uasset" 208
"../../../Engine/Content/EngineFonts/SmallFont.uasset" 209
"../../../Engine/Content/EngineFonts/TinyFont.uasset" 210
"../../../Engine/Content/EngineMaterials/BaseFlattenDiffuseMap.uasset" 211
"../../../Engine/Content/EngineMaterials/BaseFlattenEmissiveMap.uasset" 212
"../../../Engine/Content/EngineMaterials/BaseFlattenGrayscaleMap.uasset" 213
"../../../Engine/Content/EngineMaterials/BaseFlattenNormalMap.uasset" 214
"../../../Engine/Content/EngineMaterials/BaseFlattenMaterial.uasset" 215
"../../../Engine/Content/EngineResources/WhiteSquareTexture.uasset" 216
"../../../Engine/Content/EngineMaterials/BlinkingCaret.uasset" 217
"../../../Engine/Content/EngineMaterials/DefaultBloomKernel.uasset" 218
"../../../Engine/Content/EngineMaterials/DefaultBokeh.uasset" 219
"../../../Engine/Content/EngineMaterials/DefaultDiffuse.uasset" 220
"../../../Engine/Content/EngineMaterials/DefaultDeferredDecalMaterial.uasset" 221
"../../../Engine/Content/EngineMaterials/DefaultLightFunctionMaterial.uasset" 222
"../../../Engine/Content/EngineMaterials/DefaultNormal.uasset" 223
"../../../Engine/Content/EngineMaterials/DefaultPostProcessMaterial.uasset" 224
"../../../Engine/Content/EngineFonts/RobotoDistanceField.uasset" 225
"../../../Engine/Content/EngineMaterials/DefaultTextMaterialOpaque.uasset" 226
"../../../Engine/Content/EngineMaterials/EditorBrushMaterial.uasset" 227
"../../../Engine/Content/EngineMaterials/Good64x64TilingNoiseHighFreq.uasset" 228
"../../../Engine/Content/EngineMaterials/Grid_N.uasset" 229
"../../../Engine/Content/EngineMaterials/HighResolutionScreenshotMaskFunction.uasset" 230
"../../../Engine/Content/EngineMaterials/HighResScreenshot.uasset" 231
"../../../Engine/Content/EngineMaterials/HighResScreenshotCaptureRegion.uasset" 232
"../../../Engine/Content/EngineMaterials/HighResScreenshotMask.uasset" 233
"../../../Engine/Content/EngineMaterials/LandscapeHolePhysicalMaterial.uasset" 234
"../../../Engine/Content/EngineMaterials/InvalidLightmapSettings.uasset" 235
"../../../Engine/Content/EngineMaterials/M_InvalidLightmapSettings.uasset" 236
"../../../Engine/Content/EngineMaterials/PaperDiffuse.uasset" 237
"../../../Engine/Content/EngineMaterials/PaperNormal.uasset" 238
"../../../Engine/Content/Functions/Engine_MaterialFunctions02/WorldPositionOffset/CameraOffset.uasset" 239
"../../../Engine/Content/EngineMaterials/PhAT_JointLimitMaterial.uasset" 240
"../../../Engine/Content/EngineMaterials/PhysMat_Rubber.uasset" 241
"../../../Engine/Content/EngineMaterials/PreintegratedSkinBRDF.uasset" 242
"../../../Engine/Content/EngineMaterials/RemoveSurfaceMaterial.uasset" 243
"../../../Engine/Content/EngineMaterials/WeightMapPlaceholderTexture.uasset" 244
"../../../Engine/Content/EngineMaterials/Widget3DPassThrough.uasset" 245
"../../../Engine/Content/EngineMaterials/Widget3DPassThrough_Masked.uasset" 246
"../../../Engine/Content/EngineMaterials/Widget3DPassThrough_Opaque.uasset" 247
"../../../Engine/Content/EngineMaterials/Widget3DPassThrough_Masked_OneSided.uasset" 248
"../../../Engine/Content/EngineMaterials/Widget3DPassThrough_Opaque_OneSided.uasset" 249
"../../../Engine/Content/EngineMaterials/Widget3DPassThrough_Translucent.uasset" 250
"../../../Engine/Content/EngineMaterials/Widget3DPassThrough_Translucent_OneSided.uasset" 251
"../../../Engine/Content/EngineMeshes/Cylinder.uasset" 252
"../../../Engine/Content/EngineMeshes/Sphere.uasset" 253
"../../../Engine/Content/EngineResources/Black.uasset" 254
"../../../Engine/Content/EngineResources/DefaultTexture.uasset" 255
"../../../Engine/Content/EngineResources/DefaultTextureCube.uasset" 256
"../../../Engine/Content/EngineResources/DefaultVolumeTexture2D.uasset" 257
"../../../Engine/Content/EngineResources/DefaultVolumeTexture.uasset" 258
"../../../Engine/Content/EngineResources/GradientTexture0.uasset" 259
"../../../Engine/Content/EngineResources/StreamingPauseIcon.uasset" 260
"../../../Engine/Content/EngineResources/M_StreamingPause.uasset" 261
"../../../Engine/Content/EngineSounds/Master.uasset" 262
"../../../Engine/Content/Functions/Engine_MaterialFunctions01/Shading/PowerToRoughness.uasset" 263
"../../../Engine/Content/Maps/Templates/Thumbnails/Default.uasset" 264
"../../../Engine/Content/Maps/Templates/Thumbnails/VR-Basic.uasset" 265
"../../../Engine/Content/MapTemplates/SM_Template_Map_Floor.uasset" 266
"../../../Engine/Content/MapTemplates/Sky/DaylightAmbientCubemap.uasset" 267
"../../../Engine/Content/MobileResources/T_MobileControls_texture.uasset" 268
"../../../Engine/Content/MobileResources/T_MobileMenu2.uasset" 269
"../../../Engine/Content/MobileResources/HUD/AnalogHat.uasset" 270
"../../../Engine/Content/MobileResources/HUD/VirtualJoystick_Background.uasset" 271
"../../../Engine/Content/MobileResources/HUD/VirtualJoystick_Thumb.uasset" 272
"../../../Engine/Content/MobileResources/HUD/DefaultVirtualJoysticks.uasset" 273
"../../../Engine/Content/MobileResources/HUD/LeftVirtualJoystickOnly.uasset" 274
"../../../Engine/Content/MobileResources/HUD/MobileHUDButton1_off.uasset" 275
"../../../Engine/Content/MobileResources/HUD/MobileHUDButton1_on.uasset" 276
"../../../Engine/Content/MobileResources/HUD/MobileHUDButton2_off.uasset" 277
"../../../Engine/Content/MobileResources/HUD/MobileHUDButton2_on.uasset" 278
"../../../Engine/Content/MobileResources/HUD/MobileHUDButton3.uasset" 279
"../../../Engine/Content/MobileResources/HUD/MobileHUDButtonFire.uasset" 280
"../../../Engine/Content/MobileResources/HUD/MobileHUDDirectionPad.uasset" 281
"../../../Engine/Content/MobileResources/HUD/MobileHUDDirectionPad2.uasset" 282
"../../../Engine/Content/MobileResources/HUD/MobileHUDDirectionPad3.uasset" 283
"../../../Engine/Content/MobileResources/HUD/MobileHUDDirectionStick.uasset" 284
"../../../Engine/Content/MobileResources/HUD/T_Castle_ThumbstickInner.uasset" 285
"../../../Engine/Content/MobileResources/HUD/T_Castle_ThumbstickOutter.uasset" 286
"../../../Engine/Content/Tutorial/ContentIntroCurve.uasset" 287
"../../../Engine/Content/Tutorial/Basics/TutorialAssets/icon_tab_Levels_40x.uasset" 288
"../../../Engine/Content/Tutorial/SubEditors/TutorialAssets/TutorialMaterial.uasset" 289
"../../../Engine/Content/VREditor/LaserPointer/VR_LaserPower_01.uasset" 290
"../../../Engine/Content/VREditor/TransformGizmo/TransformGizmoMaterial.uasset" 291
"../../../Engine/Content/VREditor/TransformGizmo/TranslucentTransformGizmoMaterial.uasset" 292
"../../../Engine/Content/VREditor/TransformGizmo/BoundingBoxCorner.uasset" 293
"../../../Engine/Content/VREditor/TransformGizmo/BoundingBoxEdge.uasset" 294
"../../../Engine/Content/VREditor/TransformGizmo/PlaneTranslationHandle.uasset" 295
"../../../Engine/Content/VREditor/TransformGizmo/Main.uasset" 296
"../../../Engine/Content/VREditor/TransformGizmo/Xray.uasset" 297
"../../../Engine/Content/VREditor/TransformGizmo/SM_Sequencer_Key.uasset" 298
"../../../Engine/Content/VREditor/TransformGizmo/SM_Sequencer_Node.uasset" 299
"../../Plugins/2D/Paper2D/Content/PlaceholderTextures/DummySpriteTexture.uasset" 300
"../../Plugins/2D/Paper2D/Content/DummySprite.uasset" 301
"../../Plugins/2D/Paper2D/Content/DefaultPaperTerrainMaterial.uasset" 302
"../../Plugins/2D/Paper2D/Content/DefaultSpriteMaterial.uasset" 303
"../../Plugins/2D/Paper2D/Content/MaskedUnlitSpriteMaterial.uasset" 304
"../../Plugins/2D/Paper2D/Content/OpaqueUnlitSpriteMaterial.uasset" 305
"../../Plugins/Runtime/Oculus/OculusVR/Content/Materials/PokeAHoleMaterial.uasset" 306
"../../Plugins/Runtime/Oculus/OculusVR/Content/Textures/GearVRController_AO.uasset" 307
"../../Plugins/Runtime/Oculus/OculusVR/Content/Textures/GearVRController_Color.uasset" 308
"../../Plugins/Runtime/Oculus/OculusVR/Content/Textures/GearVRController_Normal.uasset" 309
"../../Plugins/Runtime/Oculus/OculusVR/Content/Materials/GearVRControllerMaterial.uasset" 310
"../../Plugins/Runtime/Oculus/OculusVR/Content/Meshes/GearVrController.uasset" 311
"../../Plugins/Runtime/Oculus/OculusVR/Content/Textures/touchController_albedo.uasset" 312
"../../Plugins/Runtime/Oculus/OculusVR/Content/Textures/touchController_controlmap.uasset" 313
"../../Plugins/Runtime/Oculus/OculusVR/Content/Materials/touchController_mat.uasset" 314
"../../Plugins/Runtime/Oculus/OculusVR/Content/Meshes/LeftTouchController.uasset" 315
"../../Plugins/Runtime/Oculus/OculusVR/Content/Meshes/RiftHMD.uasset" 316
"../../Plugins/Runtime/Oculus/OculusVR/Content/Meshes/RightTouchController.uasset" 317
"../../../../../../Unreal Projects/EnvironmentTestLP/Content/StarterContent/Audio/Starter_Birds01.uasset" 318
"../../../../../../Unreal Projects/EnvironmentTestLP/Content/StarterContent/Audio/Starter_Wind05.uasset" 319
"../../../../../../Unreal Projects/EnvironmentTestLP/Content/StarterContent/Audio/Starter_Wind06.uasset" 320
"../../../../../../Unreal Projects/EnvironmentTestLP/Content/StarterContent/Textures/T_Brick_Clay_New_D.uasset" 321
"../../../../../../Unreal Projects/EnvironmentTestLP/Content/StarterContent/Textures/T_Brick_Clay_New_M.uasset" 322
"../../../../../../Unreal Projects/EnvironmentTestLP/Content/StarterContent/Textures/T_Brick_Clay_New_N.uasset" 323
"../../../../../../Unreal Projects/EnvironmentTestLP/Content/StarterContent/Textures/T_Detail_Rocky_N.uasset" 324
"../../../../../../Unreal Projects/EnvironmentTestLP/Content/StarterContent/Textures/T_MacroVariation.uasset" 325
"../../../../../../Unreal Projects/EnvironmentTestLP/Content/StarterContent/Materials/M_Brick_Clay_New.uasset" 326
"../../../Engine/Content/EditorMeshes/ColorCalibrator/T_ColorGrid.uasset" 327
"../../../../../../Unreal Projects/EnvironmentTestLP/Content/StarterContent/Materials/M_ColorGrid_LowSpec.uasset" 328
"../../../../../../Unreal Projects/EnvironmentTestLP/Content/StarterContent/Textures/T_Concrete_Grime_D.uasset" 329
"../../../../../../Unreal Projects/EnvironmentTestLP/Content/StarterContent/Textures/T_Metal_Rust_N.uasset" 330
"../../../../../../Unreal Projects/EnvironmentTestLP/Content/StarterContent/Textures/T_Perlin_Noise_M.uasset" 331
"../../../../../../Unreal Projects/EnvironmentTestLP/Content/StarterContent/Materials/M_Concrete_Grime.uasset" 332
"../../../../../../Unreal Projects/EnvironmentTestLP/Content/StarterContent/Textures/T_Ground_Grass_D.uasset" 333
"../../../../../../Unreal Projects/EnvironmentTestLP/Content/StarterContent/Textures/T_Ground_Grass_N.uasset" 334
"../../../../../../Unreal Projects/EnvironmentTestLP/Content/StarterContent/Materials/M_Ground_Grass.uasset" 335
"../../../../../../Unreal Projects/EnvironmentTestLP/Content/StarterContent/Textures/T_Tech_Hex_Tile_M.uasset" 336
"../../../../../../Unreal Projects/EnvironmentTestLP/Content/StarterContent/Textures/T_Tech_Hex_Tile_N.uasset" 337
"../../../../../../Unreal Projects/EnvironmentTestLP/Content/StarterContent/Materials/M_Tech_Hex_Tile_Pulse.uasset" 338
"../../../Engine/Content/Maps/Entry_BuiltData.uasset" 339
"../../../Engine/Content/Maps/Entry.umap" 340
"../../../Engine/Content/EditorBlueprintResources/StandardMacros.uasset" 341
"../../../Engine/Content/EngineSky/C_Sky_Cloud_Color.uasset" 342
"../../../Engine/Content/EngineSky/C_Sky_Horizon_Color.uasset" 343
"../../../Engine/Content/EngineSky/C_Sky_Zenith_Color.uasset" 344
"../../../Engine/Content/EngineSky/T_Sky_Blue.uasset" 345
"../../../Engine/Content/EngineSky/T_Sky_Clouds_M.uasset" 346
"../../../Engine/Content/EngineSky/T_Sky_Stars.uasset" 347
"../../../Engine/Content/EngineSky/M_Sky_Panning_Clouds2.uasset" 348
"../../../Engine/Content/EngineSky/SM_SkySphere.uasset" 349
"../../../Engine/Content/EngineSky/BP_Sky_Sphere.uasset" 350
"../../../../../../Unreal Projects/EnvironmentTestLP/Content/StarterContent/Maps/Minimal_Default_BuiltData.uasset" 351
"../../../../../../Unreal Projects/EnvironmentTestLP/Content/StarterContent/Materials/M_Metal_Brushed_Nickel.uasset" 352
"../../../../../../Unreal Projects/EnvironmentTestLP/Content/StarterContent/Textures/T_Metal_Aluminum_D.uasset" 353
"../../../../../../Unreal Projects/EnvironmentTestLP/Content/StarterContent/Textures/T_Metal_Gold_N.uasset" 354
"../../../../../../Unreal Projects/EnvironmentTestLP/Content/StarterContent/Materials/M_Metal_Burnished_Steel.uasset" 355
"../../../../../../Unreal Projects/EnvironmentTestLP/Content/StarterContent/Textures/T_Metal_Copper_D.uasset" 356
"../../../../../../Unreal Projects/EnvironmentTestLP/Content/StarterContent/Materials/M_Metal_Copper.uasset" 357
"../../../../../../Unreal Projects/EnvironmentTestLP/Content/StarterContent/Textures/T_Chair_M.uasset" 358
"../../../../../../Unreal Projects/EnvironmentTestLP/Content/StarterContent/Textures/T_Chair_N.uasset" 359
"../../../../../../Unreal Projects/EnvironmentTestLP/Content/StarterContent/Props/Materials/M_Chair.uasset" 360
"../../../../../../Unreal Projects/EnvironmentTestLP/Content/StarterContent/Textures/T_Statue_M.uasset" 361
"../../../../../../Unreal Projects/EnvironmentTestLP/Content/StarterContent/Textures/T_Statue_N.uasset" 362
"../../../../../../Unreal Projects/EnvironmentTestLP/Content/StarterContent/Props/Materials/M_StatueGlass.uasset" 363
"../../../../../../Unreal Projects/EnvironmentTestLP/Content/StarterContent/Materials/M_Basic_Floor.uasset" 364
"../../../../../../Unreal Projects/EnvironmentTestLP/Content/StarterContent/Architecture/Floor_400x400.uasset" 365
"../../../../../../Unreal Projects/EnvironmentTestLP/Content/StarterContent/Audio/Starter_Background_Cue.uasset" 366
"../../../../../../Unreal Projects/EnvironmentTestLP/Content/StarterContent/Props/SM_Chair.uasset" 367
"../../../../../../Unreal Projects/EnvironmentTestLP/Content/StarterContent/Props/Materials/M_Statue.uasset" 368
"../../../../../../Unreal Projects/EnvironmentTestLP/Content/StarterContent/Props/SM_Statue.uasset" 369
"../../../../../../Unreal Projects/EnvironmentTestLP/Content/StarterContent/Textures/T_TableRound_M.uasset" 370
"../../../../../../Unreal Projects/EnvironmentTestLP/Content/StarterContent/Textures/T_TableRound_N.uasset" 371
"../../../../../../Unreal Projects/EnvironmentTestLP/Content/StarterContent/Props/Materials/M_TableRound.uasset" 372
"../../../../../../Unreal Projects/EnvironmentTestLP/Content/StarterContent/Props/SM_TableRound.uasset" 373
"../../../../../../Unreal Projects/EnvironmentTestLP/Content/StarterContent/Maps/Minimal_Default.umap" 374
"../../../../../../Unreal Projects/EnvironmentTestLP/Content/Forest_Clearing_LP_BuiltData.uasset" 375
"../../../../../../Unreal Projects/EnvironmentTestLP/Content/forestFloor.uasset" 376
"../../../Engine/Content/BasicShapes/Cylinder.uasset" 377
"../../../../../../Unreal Projects/EnvironmentTestLP/Content/Forest_Clearing_LP.umap" 378
